<?xml version="1.0" encoding="UTF-8"?>
<testsuite name="tests.TestFlashJob" tests="1" skipped="0" failures="0" errors="0" timestamp="2022-06-15T19:38:40" hostname="claudia-MSI" time="40.818">
  <properties/>
  <testcase name="flashjob" classname="tests.TestFlashJob" time="40.818"/>
  <system-out><![CDATA[]]></system-out>
  <system-err><![CDATA[Starting ChromeDriver 100.0.4896.60 (6a5d10861ce8de5fce22564658033b43cb7de047-refs/branch-heads/4896@{#875}) on port 24434
Only local connections are allowed.
Please see https://chromedriver.chromium.org/security-considerations for suggestions on keeping ChromeDriver safe.
ChromeDriver was started successfully.
]]></system-err>
</testsuite>
