<?xml version="1.0" encoding="UTF-8"?>
<testsuite name="tests.TestFlashJob" tests="1" skipped="0" failures="0" errors="0" timestamp="2022-06-13T14:45:59" hostname="ESW5CG7141QW6" time="31.462">
  <properties/>
  <testcase name="flashjob" classname="tests.TestFlashJob" time="31.462"/>
  <system-out><![CDATA[]]></system-out>
  <system-err><![CDATA[Starting ChromeDriver 102.0.5005.61 (0e59bcc00cc4985ce39ad31c150065f159d95ad3-refs/branch-heads/5005@{#819}) on port 17495
Only local connections are allowed.
Please see https://chromedriver.chromium.org/security-considerations for suggestions on keeping ChromeDriver safe.
ChromeDriver was started successfully.
]]></system-err>
</testsuite>
